setting 'ivy.default.settings.dir' to 'jar:file:/home/vagrant/libexec/activator-launch-1.3.12.jar!/org/apache/ivy/core/settings'
setting 'ivy.basedir' to '/home/vagrant/.'
setting 'ivy.default.conf.dir' to 'jar:file:/home/vagrant/libexec/activator-launch-1.3.12.jar!/org/apache/ivy/core/settings'
impossible to define new type: class not found: org.apache.ivy.plugins.resolver.SshResolver in [] nor Ivy classloader
impossible to define new type: class not found: org.apache.ivy.plugins.resolver.VsftpResolver in [] nor Ivy classloader
impossible to define new type: class not found: org.apache.ivy.plugins.version.PatternVersionMatcher in [] nor Ivy classloader
impossible to define new type: class not found: org.apache.ivy.plugins.trigger.LogTrigger in [] nor Ivy classloader
impossible to define new type: class not found: org.apache.ivy.ant.AntBuildTrigger in [] nor Ivy classloader
impossible to define new type: class not found: org.apache.ivy.plugins.resolver.IvyRepResolver in [] nor Ivy classloader
impossible to define new type: class not found: org.apache.ivy.plugins.signer.bouncycastle.OpenPGPSignatureGenerator in [] nor Ivy classloader
impossible to define new type: class not found: org.apache.ivy.plugins.conflict.RegexpConflictManager in [] nor Ivy classloader
impossible to define new type: class not found: org.apache.ivy.plugins.resolver.SFTPResolver in [] nor Ivy classloader
impossible to define new type: class not found: org.apache.ivy.osgi.updatesite.UpdateSiteResolver in [] nor Ivy classloader
impossible to define new type: class not found: org.apache.ivy.ant.AntCallTrigger in [] nor Ivy classloader
impossible to define new type: class not found: org.apache.ivy.plugins.resolver.MirroredURLResolver in [] nor Ivy classloader
impossible to define new type: class not found: org.apache.ivy.plugins.resolver.packager.PackagerResolver in [] nor Ivy classloader
impossible to define new type: class not found: org.apache.ivy.plugins.resolver.DualResolver in [] nor Ivy classloader
impossible to define new type: class not found: org.apache.ivy.plugins.resolver.VfsResolver in [] nor Ivy classloader
impossible to define new type: class not found: org.apache.ivy.plugins.resolver.JarResolver in [] nor Ivy classloader
impossible to define new type: class not found: org.apache.ivy.osgi.obr.OBRResolver in [] nor Ivy classloader
impossible to define glob matcher: org.apache.ivy.plugins.matcher.GlobPatternMatcher was not found.
setting 'jline.esc.timeout' to '0'
setting 'java.runtime.name' to 'OpenJDK Runtime Environment'
setting 'sun.boot.library.path' to '/usr/lib/jvm/java-8-openjdk-amd64/jre/lib/amd64'
setting 'java.vm.version' to '25.171-b11'
setting 'activator.home' to '/home/vagrant'
setting 'java.vm.vendor' to 'Oracle Corporation'
setting 'java.vendor.url' to 'http://java.oracle.com/'
setting 'path.separator' to ':'
setting 'java.vm.name' to 'OpenJDK 64-Bit Server VM'
setting 'file.encoding.pkg' to 'sun.io'
setting 'user.country' to 'US'
setting 'sun.java.launcher' to 'SUN_STANDARD'
setting 'sun.os.patch.level' to 'unknown'
setting 'java.vm.specification.name' to 'Java Virtual Machine Specification'
setting 'user.dir' to '/home/vagrant'
setting 'java.runtime.version' to '1.8.0_171-8u171-b11-2~14.04-b11'
setting 'java.awt.graphicsenv' to 'sun.awt.X11GraphicsEnvironment'
setting 'java.endorsed.dirs' to '/usr/lib/jvm/java-8-openjdk-amd64/jre/lib/endorsed'
setting 'os.arch' to 'amd64'
setting 'java.io.tmpdir' to '/tmp'
setting 'line.separator' to '
'
setting 'java.vm.specification.vendor' to 'Oracle Corporation'
setting 'os.name' to 'Linux'
setting 'sun.jnu.encoding' to 'ANSI_X3.4-1968'
setting 'java.library.path' to '/usr/java/packages/lib/amd64:/usr/lib/x86_64-linux-gnu/jni:/lib/x86_64-linux-gnu:/usr/lib/x86_64-linux-gnu:/usr/lib/jni:/lib:/usr/lib'
setting 'java.specification.name' to 'Java Platform API Specification'
setting 'java.class.version' to '52.0'
setting 'sun.management.compiler' to 'HotSpot 64-Bit Tiered Compilers'
setting 'os.version' to '3.13.0-168-generic'
setting 'user.home' to '/home/vagrant'
setting 'user.timezone' to ''
setting 'java.awt.printerjob' to 'sun.print.PSPrinterJob'
setting 'file.encoding' to 'ANSI_X3.4-1968'
setting 'java.specification.version' to '1.8'
setting 'java.class.path' to '/home/vagrant/libexec/activator-launch-1.3.12.jar'
setting 'user.name' to 'vagrant'
setting 'jline.shutdownhook' to 'false'
setting 'java.vm.specification.version' to '1.8'
setting 'sun.java.command' to '/home/vagrant/libexec/activator-launch-1.3.12.jar'
setting 'java.home' to '/usr/lib/jvm/java-8-openjdk-amd64/jre'
setting 'sun.arch.data.model' to '64'
setting 'user.language' to 'en'
setting 'java.specification.vendor' to 'Oracle Corporation'
setting 'awt.toolkit' to 'sun.awt.X11.XToolkit'
setting 'java.vm.info' to 'mixed mode'
setting 'java.version' to '1.8.0_171'
setting 'java.ext.dirs' to '/usr/lib/jvm/java-8-openjdk-amd64/jre/lib/ext:/usr/java/packages/lib/ext'
setting 'sun.boot.class.path' to '/usr/lib/jvm/java-8-openjdk-amd64/jre/lib/resources.jar:/usr/lib/jvm/java-8-openjdk-amd64/jre/lib/rt.jar:/usr/lib/jvm/java-8-openjdk-amd64/jre/lib/sunrsasign.jar:/usr/lib/jvm/java-8-openjdk-amd64/jre/lib/jsse.jar:/usr/lib/jvm/java-8-openjdk-amd64/jre/lib/jce.jar:/usr/lib/jvm/java-8-openjdk-amd64/jre/lib/charsets.jar:/usr/lib/jvm/java-8-openjdk-amd64/jre/lib/jfr.jar:/usr/lib/jvm/java-8-openjdk-amd64/jre/classes'
setting 'java.vendor' to 'Oracle Corporation'
setting 'file.separator' to '/'
setting 'java.vendor.url.bug' to 'http://bugreport.sun.com/bugreport/'
setting 'sun.io.unicode.encoding' to 'UnicodeLittle'
setting 'sun.cpu.endian' to 'little'
setting 'sun.cpu.isalist' to ''
setting 'ivy.default.ivy.user.dir' to '/home/vagrant/.ivy2'
setting 'ivy.home' to '/home/vagrant/.ivy2'
setting 'ivy.cache.dir' to '/home/vagrant/.ivy2/cache'
no default cache defined: set to /home/vagrant/.ivy2/cache
setting 'ivy.checksums' to 'sha1,md5'
setting 'ivy.basedir' to '/home/vagrant/.sbt/boot'
setting 'basedir' to '/home/vagrant/.sbt/boot'
:: resolving dependencies :: org.scala-sbt#boot-app;1.0
	confs: [default]
	validate = true
	refresh = false
resolving dependencies for configuration 'default'
== resolving dependencies for org.scala-sbt#boot-app;1.0 [default]
loadData of org.scala-sbt#boot-app;1.0 of rootConf=default
== resolving dependencies org.scala-sbt#boot-app;1.0->com.typesafe.activator#activator-launcher;1.3.12 [default->default(compile)]
loadData of com.typesafe.activator#activator-launcher;1.3.12 of rootConf=default
	using redefined-public to resolve com.typesafe.activator#activator-launcher;1.3.12
redefined-public: Checking cache for: dependency: com.typesafe.activator#activator-launcher;1.3.12 {default=[default(compile)]}
redefined-public: no namespace defined: using system
	no ivy file in cache for com.typesafe.activator#activator-launcher;1.3.12: tried /home/vagrant/.ivy2/cache/com.typesafe.activator/activator-launcher/ivy-1.3.12.xml
redefined-public: no latest strategy defined: using default
local: no namespace defined: using system
	no ivy file in cache for com.typesafe.activator#activator-launcher;1.3.12: tried /home/vagrant/.ivy2/cache/com.typesafe.activator/activator-launcher/ivy-1.3.12.xml
	 trying /home/vagrant/.ivy2/local/com.typesafe.activator/activator-launcher/1.3.12/ivys/ivy.xml
		tried /home/vagrant/.ivy2/local/com.typesafe.activator/activator-launcher/1.3.12/ivys/ivy.xml
	local: resource not reachable for com.typesafe.activator#activator-launcher;1.3.12: res=/home/vagrant/.ivy2/local/com.typesafe.activator/activator-launcher/1.3.12/ivys/ivy.xml
	 trying /home/vagrant/.ivy2/local/com.typesafe.activator/activator-launcher/1.3.12/jars/activator-launcher.jar
		tried /home/vagrant/.ivy2/local/com.typesafe.activator/activator-launcher/1.3.12/jars/activator-launcher.jar
	local: resource not reachable for com.typesafe.activator#activator-launcher;1.3.12: res=/home/vagrant/.ivy2/local/com.typesafe.activator/activator-launcher/1.3.12/jars/activator-launcher.jar
	local: no ivy file nor artifact found for com.typesafe.activator#activator-launcher;1.3.12
activator-launcher-local: no namespace defined: using system
	no ivy file in cache for com.typesafe.activator#activator-launcher;1.3.12: tried /home/vagrant/.ivy2/cache/com.typesafe.activator/activator-launcher/ivy-1.3.12.xml
	 trying file:/home/vagrant/repository/com.typesafe.activator/activator-launcher/1.3.12/ivys/ivy.xml
		tried file:/home/vagrant/repository/com.typesafe.activator/activator-launcher/1.3.12/ivys/ivy.xml
	activator-launcher-local: resource not reachable for com.typesafe.activator#activator-launcher;1.3.12: res=file:/home/vagrant/repository/com.typesafe.activator/activator-launcher/1.3.12/ivys/ivy.xml
	activator-launcher-local: no ivy file found for com.typesafe.activator#activator-launcher;1.3.12
Maven Central: no namespace defined: using system
	no ivy file in cache for com.typesafe.activator#activator-launcher;1.3.12: tried /home/vagrant/.ivy2/cache/com.typesafe.activator/activator-launcher/ivy-1.3.12.xml
	 trying https://repo1.maven.org/maven2/com/typesafe/activator/activator-launcher/1.3.12/activator-launcher-1.3.12.pom
		tried https://repo1.maven.org/maven2/com/typesafe/activator/activator-launcher/1.3.12/activator-launcher-1.3.12.pom
ERROR: Server access Error: java.lang.RuntimeException: Unexpected error: java.security.InvalidAlgorithmParameterException: the trustAnchors parameter must be non-empty url=https://repo1.maven.org/maven2/com/typesafe/activator/activator-launcher/1.3.12/activator-launcher-1.3.12.pom
	Maven Central: resource not reachable for com/typesafe/activator#activator-launcher;1.3.12: res=https://repo1.maven.org/maven2/com/typesafe/activator/activator-launcher/1.3.12/activator-launcher-1.3.12.pom
	 trying https://repo1.maven.org/maven2/com/typesafe/activator/activator-launcher/1.3.12/activator-launcher-1.3.12.jar
		tried https://repo1.maven.org/maven2/com/typesafe/activator/activator-launcher/1.3.12/activator-launcher-1.3.12.jar
ERROR: Server access Error: java.lang.RuntimeException: Unexpected error: java.security.InvalidAlgorithmParameterException: the trustAnchors parameter must be non-empty url=https://repo1.maven.org/maven2/com/typesafe/activator/activator-launcher/1.3.12/activator-launcher-1.3.12.jar
	Maven Central: resource not reachable for com/typesafe/activator#activator-launcher;1.3.12: res=https://repo1.maven.org/maven2/com/typesafe/activator/activator-launcher/1.3.12/activator-launcher-1.3.12.jar
	Maven Central: no ivy file nor artifact found for com.typesafe.activator#activator-launcher;1.3.12
typesafe-releases: no namespace defined: using system
	no ivy file in cache for com.typesafe.activator#activator-launcher;1.3.12: tried /home/vagrant/.ivy2/cache/com.typesafe.activator/activator-launcher/ivy-1.3.12.xml
	 trying https://repo.typesafe.com/typesafe/releases/com/typesafe/activator/activator-launcher/1.3.12/activator-launcher-1.3.12.pom
		tried https://repo.typesafe.com/typesafe/releases/com/typesafe/activator/activator-launcher/1.3.12/activator-launcher-1.3.12.pom
ERROR: Server access Error: java.lang.RuntimeException: Unexpected error: java.security.InvalidAlgorithmParameterException: the trustAnchors parameter must be non-empty url=https://repo.typesafe.com/typesafe/releases/com/typesafe/activator/activator-launcher/1.3.12/activator-launcher-1.3.12.pom
	typesafe-releases: resource not reachable for com/typesafe/activator#activator-launcher;1.3.12: res=https://repo.typesafe.com/typesafe/releases/com/typesafe/activator/activator-launcher/1.3.12/activator-launcher-1.3.12.pom
	 trying https://repo.typesafe.com/typesafe/releases/com/typesafe/activator/activator-launcher/1.3.12/activator-launcher-1.3.12.jar
		tried https://repo.typesafe.com/typesafe/releases/com/typesafe/activator/activator-launcher/1.3.12/activator-launcher-1.3.12.jar
ERROR: Server access Error: java.lang.RuntimeException: Unexpected error: java.security.InvalidAlgorithmParameterException: the trustAnchors parameter must be non-empty url=https://repo.typesafe.com/typesafe/releases/com/typesafe/activator/activator-launcher/1.3.12/activator-launcher-1.3.12.jar
	typesafe-releases: resource not reachable for com/typesafe/activator#activator-launcher;1.3.12: res=https://repo.typesafe.com/typesafe/releases/com/typesafe/activator/activator-launcher/1.3.12/activator-launcher-1.3.12.jar
	typesafe-releases: no ivy file nor artifact found for com.typesafe.activator#activator-launcher;1.3.12
typesafe-ivy-releasez: no namespace defined: using system
	no ivy file in cache for com.typesafe.activator#activator-launcher;1.3.12: tried /home/vagrant/.ivy2/cache/com.typesafe.activator/activator-launcher/ivy-1.3.12.xml
	 trying https://repo.typesafe.com/typesafe/ivy-releases/com.typesafe.activator/activator-launcher/1.3.12/ivys/ivy.xml
		tried https://repo.typesafe.com/typesafe/ivy-releases/com.typesafe.activator/activator-launcher/1.3.12/ivys/ivy.xml
ERROR: Server access Error: java.lang.RuntimeException: Unexpected error: java.security.InvalidAlgorithmParameterException: the trustAnchors parameter must be non-empty url=https://repo.typesafe.com/typesafe/ivy-releases/com.typesafe.activator/activator-launcher/1.3.12/ivys/ivy.xml
	typesafe-ivy-releasez: resource not reachable for com.typesafe.activator#activator-launcher;1.3.12: res=https://repo.typesafe.com/typesafe/ivy-releases/com.typesafe.activator/activator-launcher/1.3.12/ivys/ivy.xml
	typesafe-ivy-releasez: no ivy file found for com.typesafe.activator#activator-launcher;1.3.12
WARN: 	module not found: com.typesafe.activator#activator-launcher;1.3.12
WARN: ==== local: tried
WARN:   /home/vagrant/.ivy2/local/com.typesafe.activator/activator-launcher/1.3.12/ivys/ivy.xml
WARN:   -- artifact com.typesafe.activator#activator-launcher;1.3.12!activator-launcher.jar:
WARN:   /home/vagrant/.ivy2/local/com.typesafe.activator/activator-launcher/1.3.12/jars/activator-launcher.jar
WARN: ==== activator-launcher-local: tried
WARN:   file:/home/vagrant/repository/com.typesafe.activator/activator-launcher/1.3.12/ivys/ivy.xml
WARN: ==== Maven Central: tried
WARN:   https://repo1.maven.org/maven2/com/typesafe/activator/activator-launcher/1.3.12/activator-launcher-1.3.12.pom
WARN:   -- artifact com.typesafe.activator#activator-launcher;1.3.12!activator-launcher.jar:
WARN:   https://repo1.maven.org/maven2/com/typesafe/activator/activator-launcher/1.3.12/activator-launcher-1.3.12.jar
WARN: ==== typesafe-releases: tried
WARN:   https://repo.typesafe.com/typesafe/releases/com/typesafe/activator/activator-launcher/1.3.12/activator-launcher-1.3.12.pom
WARN:   -- artifact com.typesafe.activator#activator-launcher;1.3.12!activator-launcher.jar:
WARN:   https://repo.typesafe.com/typesafe/releases/com/typesafe/activator/activator-launcher/1.3.12/activator-launcher-1.3.12.jar
WARN: ==== typesafe-ivy-releasez: tried
WARN:   https://repo.typesafe.com/typesafe/ivy-releases/com.typesafe.activator/activator-launcher/1.3.12/ivys/ivy.xml
Nbr of module to sort : 0
	resolved ivy file produced in cache
:: downloading artifacts ::
:: resolution report :: resolve 2783ms :: artifacts dl 0ms
WARN: 	::::::::::::::::::::::::::::::::::::::::::::::
WARN: 	::          UNRESOLVED DEPENDENCIES         ::
WARN: 	::::::::::::::::::::::::::::::::::::::::::::::
WARN: 	:: com.typesafe.activator#activator-launcher;1.3.12: not found
WARN: 	::::::::::::::::::::::::::::::::::::::::::::::

Nbr of module to sort : 0
	report for org.scala-sbt#boot-app;1.0 default produced in /home/vagrant/.sbt/boot/resolution-cache/org.scala-sbt-boot-app-default.xml
	resolve done (2783ms resolve - 0ms download)

:: problems summary ::
:::: WARNINGS
		module not found: com.typesafe.activator#activator-launcher;1.3.12

	==== local: tried

	  /home/vagrant/.ivy2/local/com.typesafe.activator/activator-launcher/1.3.12/ivys/ivy.xml

	  -- artifact com.typesafe.activator#activator-launcher;1.3.12!activator-launcher.jar:

	  /home/vagrant/.ivy2/local/com.typesafe.activator/activator-launcher/1.3.12/jars/activator-launcher.jar

	==== activator-launcher-local: tried

	  file:/home/vagrant/repository/com.typesafe.activator/activator-launcher/1.3.12/ivys/ivy.xml

	==== Maven Central: tried

	  https://repo1.maven.org/maven2/com/typesafe/activator/activator-launcher/1.3.12/activator-launcher-1.3.12.pom

	  -- artifact com.typesafe.activator#activator-launcher;1.3.12!activator-launcher.jar:

	  https://repo1.maven.org/maven2/com/typesafe/activator/activator-launcher/1.3.12/activator-launcher-1.3.12.jar

	==== typesafe-releases: tried

	  https://repo.typesafe.com/typesafe/releases/com/typesafe/activator/activator-launcher/1.3.12/activator-launcher-1.3.12.pom

	  -- artifact com.typesafe.activator#activator-launcher;1.3.12!activator-launcher.jar:

	  https://repo.typesafe.com/typesafe/releases/com/typesafe/activator/activator-launcher/1.3.12/activator-launcher-1.3.12.jar

	==== typesafe-ivy-releasez: tried

	  https://repo.typesafe.com/typesafe/ivy-releases/com.typesafe.activator/activator-launcher/1.3.12/ivys/ivy.xml

		::::::::::::::::::::::::::::::::::::::::::::::

		::          UNRESOLVED DEPENDENCIES         ::

		::::::::::::::::::::::::::::::::::::::::::::::

		:: com.typesafe.activator#activator-launcher;1.3.12: not found

		::::::::::::::::::::::::::::::::::::::::::::::


:::: ERRORS
	Server access Error: java.lang.RuntimeException: Unexpected error: java.security.InvalidAlgorithmParameterException: the trustAnchors parameter must be non-empty url=https://repo1.maven.org/maven2/com/typesafe/activator/activator-launcher/1.3.12/activator-launcher-1.3.12.pom

	Server access Error: java.lang.RuntimeException: Unexpected error: java.security.InvalidAlgorithmParameterException: the trustAnchors parameter must be non-empty url=https://repo1.maven.org/maven2/com/typesafe/activator/activator-launcher/1.3.12/activator-launcher-1.3.12.jar

	Server access Error: java.lang.RuntimeException: Unexpected error: java.security.InvalidAlgorithmParameterException: the trustAnchors parameter must be non-empty url=https://repo.typesafe.com/typesafe/releases/com/typesafe/activator/activator-launcher/1.3.12/activator-launcher-1.3.12.pom

	Server access Error: java.lang.RuntimeException: Unexpected error: java.security.InvalidAlgorithmParameterException: the trustAnchors parameter must be non-empty url=https://repo.typesafe.com/typesafe/releases/com/typesafe/activator/activator-launcher/1.3.12/activator-launcher-1.3.12.jar

	Server access Error: java.lang.RuntimeException: Unexpected error: java.security.InvalidAlgorithmParameterException: the trustAnchors parameter must be non-empty url=https://repo.typesafe.com/typesafe/ivy-releases/com.typesafe.activator/activator-launcher/1.3.12/ivys/ivy.xml


:: USE VERBOSE OR DEBUG MESSAGE LEVEL FOR MORE DETAILS
java.lang.RuntimeException: not found
	at org.apache.ivy.core.resolve.IvyNode.loadData(IvyNode.java:238)
	at org.apache.ivy.core.resolve.VisitNode.loadData(VisitNode.java:292)
	at org.apache.ivy.core.resolve.ResolveEngine.fetchDependencies(ResolveEngine.java:714)
	at org.apache.ivy.core.resolve.ResolveEngine.doFetchDependencies(ResolveEngine.java:799)
	at org.apache.ivy.core.resolve.ResolveEngine.fetchDependencies(ResolveEngine.java:722)
	at org.apache.ivy.core.resolve.ResolveEngine.getDependencies(ResolveEngine.java:594)
	at org.apache.ivy.core.resolve.ResolveEngine.resolve(ResolveEngine.java:234)
	at xsbt.boot.Update.xsbt$boot$Update$$lockedApply(Update.scala:105)
	at xsbt.boot.Update$$anon$4.call(Update.scala:99)
	at xsbt.boot.Locks$GlobalLock.withChannel$1(Locks.scala:93)
	at xsbt.boot.Locks$GlobalLock.xsbt$boot$Locks$GlobalLock$$withChannelRetries$1(Locks.scala:78)
	at xsbt.boot.Locks$GlobalLock$$anonfun$withFileLock$1.apply(Locks.scala:97)
	at xsbt.boot.Using$.withResource(Using.scala:10)
	at xsbt.boot.Using$.apply(Using.scala:9)
	at xsbt.boot.Locks$GlobalLock.ignoringDeadlockAvoided(Locks.scala:58)
	at xsbt.boot.Locks$GlobalLock.withLock(Locks.scala:48)
	at xsbt.boot.Locks$.apply0(Locks.scala:31)
	at xsbt.boot.Locks$.apply(Locks.scala:28)
	at xsbt.boot.Update.apply(Update.scala:100)
	at xsbt.boot.Launch.update(Launch.scala:350)
	at xsbt.boot.Launch.xsbt$boot$Launch$$retrieve$1(Launch.scala:208)
	at xsbt.boot.Launch$$anonfun$3.apply(Launch.scala:216)
	at scala.Option.getOrElse(Option.scala:120)
	at xsbt.boot.Launch.xsbt$boot$Launch$$getAppProvider0(Launch.scala:216)
	at xsbt.boot.Launch$$anon$2.call(Launch.scala:196)
	at xsbt.boot.Locks$GlobalLock.withChannel$1(Locks.scala:93)
	at xsbt.boot.Locks$GlobalLock.xsbt$boot$Locks$GlobalLock$$withChannelRetries$1(Locks.scala:78)
	at xsbt.boot.Locks$GlobalLock$$anonfun$withFileLock$1.apply(Locks.scala:97)
	at xsbt.boot.Using$.withResource(Using.scala:10)
	at xsbt.boot.Using$.apply(Using.scala:9)
	at xsbt.boot.Locks$GlobalLock.ignoringDeadlockAvoided(Locks.scala:58)
	at xsbt.boot.Locks$GlobalLock.withLock(Locks.scala:48)
	at xsbt.boot.Locks$.apply0(Locks.scala:31)
	at xsbt.boot.Locks$.apply(Locks.scala:28)
	at xsbt.boot.Launch.locked(Launch.scala:238)
	at xsbt.boot.Launch.app(Launch.scala:147)
	at xsbt.boot.Launch.app(Launch.scala:145)
	at xsbt.boot.Launch$.run(Launch.scala:102)
	at xsbt.boot.Launch$$anonfun$apply$1.apply(Launch.scala:35)
	at xsbt.boot.Launch$.launch(Launch.scala:117)
	at xsbt.boot.Launch$.apply(Launch.scala:18)
	at xsbt.boot.Boot$.runImpl(Boot.scala:41)
	at xsbt.boot.Boot$.main(Boot.scala:17)
	at xsbt.boot.Boot.main(Boot.scala)
Error during sbt execution: Error retrieving required libraries
	at xsbt.boot.Pre$.error(Pre.scala:26)
	at xsbt.boot.Update.xsbt$boot$Update$$lockedApply(Update.scala:105)
	at xsbt.boot.Update$$anon$4.call(Update.scala:99)
	at xsbt.boot.Locks$GlobalLock.withChannel$1(Locks.scala:93)
	at xsbt.boot.Locks$GlobalLock.xsbt$boot$Locks$GlobalLock$$withChannelRetries$1(Locks.scala:78)
	at xsbt.boot.Locks$GlobalLock$$anonfun$withFileLock$1.apply(Locks.scala:97)
	at xsbt.boot.Using$.withResource(Using.scala:10)
	at xsbt.boot.Using$.apply(Using.scala:9)
	at xsbt.boot.Locks$GlobalLock.ignoringDeadlockAvoided(Locks.scala:58)
	at xsbt.boot.Locks$GlobalLock.withLock(Locks.scala:48)
	at xsbt.boot.Locks$.apply0(Locks.scala:31)
	at xsbt.boot.Locks$.apply(Locks.scala:28)
	at xsbt.boot.Update.apply(Update.scala:100)
	at xsbt.boot.Launch.update(Launch.scala:350)
	at xsbt.boot.Launch.xsbt$boot$Launch$$retrieve$1(Launch.scala:208)
	at xsbt.boot.Launch$$anonfun$3.apply(Launch.scala:216)
	at scala.Option.getOrElse(Option.scala:120)
	at xsbt.boot.Launch.xsbt$boot$Launch$$getAppProvider0(Launch.scala:216)
	at xsbt.boot.Launch$$anon$2.call(Launch.scala:196)
	at xsbt.boot.Locks$GlobalLock.withChannel$1(Locks.scala:93)
	at xsbt.boot.Locks$GlobalLock.xsbt$boot$Locks$GlobalLock$$withChannelRetries$1(Locks.scala:78)
	at xsbt.boot.Locks$GlobalLock$$anonfun$withFileLock$1.apply(Locks.scala:97)
	at xsbt.boot.Using$.withResource(Using.scala:10)
	at xsbt.boot.Using$.apply(Using.scala:9)
	at xsbt.boot.Locks$GlobalLock.ignoringDeadlockAvoided(Locks.scala:58)
	at xsbt.boot.Locks$GlobalLock.withLock(Locks.scala:48)
	at xsbt.boot.Locks$.apply0(Locks.scala:31)
	at xsbt.boot.Locks$.apply(Locks.scala:28)
	at xsbt.boot.Launch.locked(Launch.scala:238)
	at xsbt.boot.Launch.app(Launch.scala:147)
	at xsbt.boot.Launch.app(Launch.scala:145)
	at xsbt.boot.Launch$.run(Launch.scala:102)
	at xsbt.boot.Launch$$anonfun$apply$1.apply(Launch.scala:35)
	at xsbt.boot.Launch$.launch(Launch.scala:117)
	at xsbt.boot.Launch$.apply(Launch.scala:18)
	at xsbt.boot.Boot$.runImpl(Boot.scala:41)
	at xsbt.boot.Boot$.main(Boot.scala:17)
	at xsbt.boot.Boot.main(Boot.scala)
Error during sbt execution: Error retrieving required libraries
